<?xml version="1.0" encoding="UTF-8"?>
<!-- Generated by org.testng.reporters.JUnitReportReporter -->
<testsuite hostname="binsy" failures="0" tests="1" name="testScript.HomeTest" time="21.784" errors="0" timestamp="2025-06-20T19:27:41 IST" skipped="0">
  <testcase classname="testScript.HomeTest" name="veriyUserLoginandlogout" time="21.784"/>
</testsuite> <!-- testScript.HomeTest -->
