<?xml version="1.0" encoding="UTF-8"?>
<!-- Generated by org.testng.reporters.JUnitReportReporter -->
<testsuite hostname="binsy" failures="0" tests="1" name="testScript.CategoryTest" time="23.679" errors="0" timestamp="2025-06-20T21:35:41 IST" skipped="0">
  <testcase classname="testScript.CategoryTest" name="verifyabletocreatenewcategory" time="23.679"/>
</testsuite> <!-- testScript.CategoryTest -->
