<?xml version="1.0" encoding="UTF-8"?>
<!-- Generated by org.testng.reporters.JUnitReportReporter -->
<testsuite hostname="binsy" failures="0" tests="1" name="testScript.AdminuserTest" time="22.630" errors="0" timestamp="2025-06-10T21:41:12 IST" skipped="0">
  <testcase classname="testScript.AdminuserTest" name="verifyabletocraetenewadminuser" time="22.630"/>
</testsuite> <!-- testScript.AdminuserTest -->
