<?xml version="1.0" encoding="UTF-8"?>
<!-- Generated by org.testng.reporters.JUnitReportReporter -->
<testsuite hostname="binsy" failures="0" tests="1" name="testScript.HomeTest" time="20.811" errors="0" timestamp="2025-06-21T00:27:15 IST" skipped="0">
  <testcase classname="testScript.HomeTest" name="veriyUserLoginandlogout" time="20.811"/>
</testsuite> <!-- testScript.HomeTest -->
