<?xml version="1.0" encoding="UTF-8"?>
<!-- Generated by org.testng.reporters.JUnitReportReporter -->
<testsuite hostname="binsy" failures="0" tests="1" name="testScript.CategoryTest" time="23.277" errors="0" timestamp="2025-06-09T22:30:01 IST" skipped="0">
  <testcase classname="testScript.CategoryTest" name="verifyabletocreatenewcategory" time="23.277"/>
</testsuite> <!-- testScript.CategoryTest -->
