<?xml version="1.0" encoding="UTF-8"?>
<!-- Generated by org.testng.reporters.JUnitReportReporter -->
<testsuite hostname="binsy" failures="0" tests="5" name="testScript.LoginTest" time="94.835" errors="0" timestamp="2025-06-21T00:32:18 IST" skipped="0">
  <testcase classname="testScript.LoginTest" name="veriyUserLoginWithValidCredentials" time="19.841"/>
  <testcase classname="testScript.LoginTest" name="verifyuserloginwithinvalidusername" time="18.488"/>
  <testcase classname="testScript.LoginTest" name="verifyuserloginwithinvalidpassword" time="19.696"/>
  <testcase classname="testScript.LoginTest" name="verifyuserloginwithinvalidcredential" time="18.628"/>
  <testcase classname="testScript.LoginTest" name="verifyuserloginwithinvalidcredential" time="18.182"/>
</testsuite> <!-- testScript.LoginTest -->
