<?xml version="1.0" encoding="UTF-8"?>
<!-- Generated by org.testng.reporters.JUnitReportReporter -->
<testsuite hostname="binsy" failures="0" tests="1" name="testScript.ManagenewsTest" time="19.755" errors="0" timestamp="2025-06-06T21:09:44 IST" skipped="0">
  <testcase classname="testScript.ManagenewsTest" name="verifythenewnews" time="19.755"/>
</testsuite> <!-- testScript.ManagenewsTest -->
