<?xml version="1.0" encoding="UTF-8"?>
<!-- Generated by org.testng.reporters.JUnitReportReporter -->
<testsuite hostname="binsy" failures="0" tests="5" name="testScript.LoginTest" time="98.257" errors="0" timestamp="2025-06-21T02:36:16 IST" skipped="0">
  <testcase classname="testScript.LoginTest" name="veriyUserLoginWithValidCredentials" time="19.655"/>
  <testcase classname="testScript.LoginTest" name="verifyuserloginwithinvalidusername" time="18.474"/>
  <testcase classname="testScript.LoginTest" name="verifyuserloginwithinvalidpassword" time="18.926"/>
  <testcase classname="testScript.LoginTest" name="verifyuserloginwithinvalidcredential" time="18.414"/>
  <testcase classname="testScript.LoginTest" name="verifyuserloginwithinvalidcredential" time="22.788"/>
</testsuite> <!-- testScript.LoginTest -->
