<?xml version="1.0" encoding="UTF-8"?>
<!-- Generated by org.testng.reporters.JUnitReportReporter -->
<testsuite hostname="binsy" failures="0" tests="1" name="SupermarkeTestclassPackage.SupermarketTestclass" time="22.246" errors="0" timestamp="2025-06-03T19:30:11 IST" skipped="0">
  <testcase classname="SupermarkeTestclassPackage.SupermarketTestclass" name="veriyUserLoginWithValidCredentials" time="22.246"/>
</testsuite> <!-- SupermarkeTestclassPackage.SupermarketTestclass -->
