<?xml version="1.0" encoding="UTF-8"?>
<!-- Generated by org.testng.reporters.JUnitReportReporter -->
<testsuite hostname="binsy" failures="0" tests="1" name="testScript.ManagenewsTest" time="23.326" errors="0" timestamp="2025-06-09T22:28:13 IST" skipped="0">
  <testcase classname="testScript.ManagenewsTest" name="verifythenewnews" time="23.326"/>
</testsuite> <!-- testScript.ManagenewsTest -->
