<?xml version="1.0" encoding="UTF-8"?>
<!-- Generated by org.testng.reporters.JUnitReportReporter -->
<testsuite hostname="binsy" failures="0" tests="2" name="testScript.ManagenewsTest" time="43.880" errors="0" timestamp="2025-06-20T19:31:32 IST" skipped="0">
  <testcase classname="testScript.ManagenewsTest" name="verifythenewnews" time="22.937"/>
  <testcase classname="testScript.ManagenewsTest" name="veriyabletocreatemangenews" time="20.943"/>
</testsuite> <!-- testScript.ManagenewsTest -->
