<?xml version="1.0" encoding="UTF-8"?>
<!-- Generated by org.testng.reporters.JUnitReportReporter -->
<testsuite hostname="binsy" failures="0" tests="2" name="testScript.AdminuserTest" time="49.466" errors="0" timestamp="2025-06-21T00:25:50 IST" skipped="0">
  <testcase classname="testScript.AdminuserTest" name="verifyabletocraetenewadminuser" time="27.975"/>
  <testcase classname="testScript.AdminuserTest" name="verifythenewadminuser" time="21.491"/>
</testsuite> <!-- testScript.AdminuserTest -->
