<?xml version="1.0" encoding="UTF-8"?>
<!-- Generated by org.testng.reporters.JUnitReportReporter -->
<testsuite hostname="binsy" failures="0" tests="1" name="testScript.CategoryTest" time="22.107" errors="0" timestamp="2025-06-21T00:26:38 IST" skipped="0">
  <testcase classname="testScript.CategoryTest" name="verifyabletocreatenewcategory" time="22.107"/>
</testsuite> <!-- testScript.CategoryTest -->
