<?xml version="1.0" encoding="UTF-8"?>
<!-- Generated by org.testng.reporters.JUnitReportReporter -->
<testsuite hostname="binsy" failures="0" tests="2" name="testScript.AdminuserTest" time="42.572" errors="0" timestamp="2025-06-20T21:36:46 IST" skipped="0">
  <testcase classname="testScript.AdminuserTest" name="verifyabletocraetenewadminuser" time="22.194"/>
  <testcase classname="testScript.AdminuserTest" name="verifythenewadminuser" time="20.378"/>
</testsuite> <!-- testScript.AdminuserTest -->
