<?xml version="1.0" encoding="UTF-8"?>
<!-- Generated by org.testng.reporters.JUnitReportReporter -->
<testsuite hostname="binsy" failures="0" tests="1" name="SupermarkeTestclassPackage.SupermarketTestclass" time="21.042" errors="0" timestamp="2025-06-03T20:01:03 IST" skipped="0">
  <testcase classname="SupermarkeTestclassPackage.SupermarketTestclass" name="verifyuserloginwithinvalidusername" time="21.042"/>
</testsuite> <!-- SupermarkeTestclassPackage.SupermarketTestclass -->
