<?xml version="1.0" encoding="UTF-8"?>
<!-- Generated by org.testng.reporters.JUnitReportReporter -->
<testsuite hostname="binsy" failures="0" tests="2" name="testScript.ManagenewsTest" time="40.552" errors="0" timestamp="2025-06-21T00:28:26 IST" skipped="0">
  <testcase classname="testScript.ManagenewsTest" name="veriyabletocreatemangenews" time="20.373"/>
  <testcase classname="testScript.ManagenewsTest" name="verifythenewnews" time="20.179"/>
</testsuite> <!-- testScript.ManagenewsTest -->
