<?xml version="1.0" encoding="UTF-8"?>
<!-- Generated by org.testng.reporters.JUnitReportReporter -->
<testsuite hostname="binsy" failures="0" tests="1" name="testScript.LoginTest" time="23.027" errors="0" timestamp="2025-06-10T21:00:46 IST" skipped="0">
  <testcase classname="testScript.LoginTest" name="verifyuserloginwithinvalidusername" time="23.027"/>
</testsuite> <!-- testScript.LoginTest -->
