<?xml version="1.0" encoding="UTF-8"?>
<!-- Generated by org.testng.reporters.JUnitReportReporter -->
<testsuite hostname="binsy" failures="0" tests="5" name="testScript.LoginTest" time="98.767" errors="0" timestamp="2025-06-20T19:29:44 IST" skipped="0">
  <testcase classname="testScript.LoginTest" name="veriyUserLoginWithValidCredentials" time="21.553"/>
  <testcase classname="testScript.LoginTest" name="verifyuserloginwithinvalidusername" time="19.313"/>
  <testcase classname="testScript.LoginTest" name="verifyuserloginwithinvalidpassword" time="19.208"/>
  <testcase classname="testScript.LoginTest" name="verifyuserloginwithinvalidcredential" time="19.508"/>
  <testcase classname="testScript.LoginTest" name="verifyuserloginwithinvalidcredential" time="19.185"/>
</testsuite> <!-- testScript.LoginTest -->
