<?xml version="1.0" encoding="UTF-8"?>
<!-- Generated by org.testng.reporters.JUnitReportReporter -->
<testsuite hostname="binsy" failures="0" tests="1" name="testScript.AdminuserTest" time="21.931" errors="0" timestamp="2025-06-09T22:29:22 IST" skipped="0">
  <testcase classname="testScript.AdminuserTest" name="verifythenewadminuser" time="21.931"/>
</testsuite> <!-- testScript.AdminuserTest -->
