<?xml version="1.0" encoding="UTF-8"?>
<!-- Generated by org.testng.reporters.JUnitReportReporter -->
<testsuite hostname="binsy" failures="0" tests="1" name="testScript.LoginTest" time="25.087" errors="0" timestamp="2025-06-09T21:12:47 IST" skipped="0">
  <testcase classname="testScript.LoginTest" name="verifyuserloginwithinvalidusername" time="25.087"/>
</testsuite> <!-- testScript.LoginTest -->
