<?xml version="1.0" encoding="UTF-8"?>
<!-- Generated by org.testng.reporters.JUnitReportReporter -->
<testsuite hostname="binsy" failures="0" tests="1" name="testScript.HomeTest" time="20.824" errors="0" timestamp="2025-06-04T21:36:58 IST" skipped="0">
  <testcase classname="testScript.HomeTest" name="veriyUserLoginandlogout" time="20.824"/>
</testsuite> <!-- testScript.HomeTest -->
