<?xml version="1.0" encoding="UTF-8"?>
<!-- Generated by org.testng.reporters.JUnitReportReporter -->
<testsuite hostname="binsy" failures="0" tests="5" name="testScript.LoginTest" time="94.981" errors="0" timestamp="2025-06-21T02:39:48 IST" skipped="0">
  <testcase classname="testScript.LoginTest" name="veriyUserLoginWithValidCredentials" time="19.219"/>
  <testcase classname="testScript.LoginTest" name="verifyuserloginwithinvalidusername" time="18.703"/>
  <testcase classname="testScript.LoginTest" name="verifyuserloginwithinvalidpassword" time="18.562"/>
  <testcase classname="testScript.LoginTest" name="verifyuserloginwithinvalidcredential" time="19.253"/>
  <testcase classname="testScript.LoginTest" name="verifyuserloginwithinvalidcredential" time="19.244"/>
</testsuite> <!-- testScript.LoginTest -->
