<?xml version="1.0" encoding="UTF-8"?>
<!-- Generated by org.testng.reporters.JUnitReportReporter -->
<testsuite hostname="binsy" failures="0" tests="5" name="testScript.LoginTest" time="98.357" errors="0" timestamp="2025-06-21T01:31:45 IST" skipped="0">
  <testcase classname="testScript.LoginTest" name="veriyUserLoginWithValidCredentials" time="24.583"/>
  <testcase classname="testScript.LoginTest" name="verifyuserloginwithinvalidusername" time="18.591"/>
  <testcase classname="testScript.LoginTest" name="verifyuserloginwithinvalidpassword" time="18.610"/>
  <testcase classname="testScript.LoginTest" name="verifyuserloginwithinvalidcredential" time="18.304"/>
  <testcase classname="testScript.LoginTest" name="verifyuserloginwithinvalidcredential" time="18.269"/>
</testsuite> <!-- testScript.LoginTest -->
